# JRE version: Java(TM) SE Runtime Environment (8.0_91-b14) (build 1.8.0_91-b14)
# Java VM: Java HotSpot(TM) 64-Bit Server VM (25.91-b14 mixed mode windows-amd64 compressed oops)
Heap:
 PSYoungGen      total 187392K, used 23110K [0x000000076b500000, 0x0000000778400000, 0x00000007c0000000)
  eden space 171008K, 4% used [0x000000076b500000,0x000000076bbfa3e0,0x0000000775c00000)
  from space 16384K, 97% used [0x0000000776080000,0x00000007770176d0,0x0000000777080000)
  to   space 19968K, 0% used [0x0000000777080000,0x0000000777080000,0x0000000778400000)
 ParOldGen       total 181248K, used 22752K [0x00000006c1e00000, 0x00000006ccf00000, 0x000000076b500000)
  object space 181248K, 12% used [0x00000006c1e00000,0x00000006c34381e8,0x00000006ccf00000)
 Metaspace       used 44880K, capacity 47266K, committed 47448K, reserved 1089536K
  class space    used 6167K, capacity 6626K, committed 6744K, reserved 1048576K
GC Heap History (10 events):
Event: 7.452 GC heap before
{Heap before GC invocations=7 (full 1):
 PSYoungGen      total 103936K, used 103904K [0x000000076b500000, 0x0000000775000000, 0x00000007c0000000)
  eden space 93184K, 100% used [0x000000076b500000,0x0000000771000000,0x0000000771000000)
  from space 10752K, 99% used [0x0000000771000000,0x0000000771a78150,0x0000000771a80000)
  to   space 13824K, 0% used [0x0000000774280000,0x0000000774280000,0x0000000775000000)
 ParOldGen       total 109056K, used 10865K [0x00000006c1e00000, 0x00000006c8880000, 0x000000076b500000)
  object space 109056K, 9% used [0x00000006c1e00000,0x00000006c289c740,0x00000006c8880000)
 Metaspace       used 31695K, capacity 32968K, committed 33280K, reserved 1077248K
  class space    used 4251K, capacity 4519K, committed 4608K, reserved 1048576K
Event: 7.467 GC heap after
Heap after GC invocations=7 (full 1):
 PSYoungGen      total 140800K, used 13809K [0x000000076b500000, 0x0000000775880000, 0x00000007c0000000)
  eden space 126976K, 0% used [0x000000076b500000,0x000000076b500000,0x0000000773100000)
  from space 13824K, 99% used [0x0000000774280000,0x0000000774ffc568,0x0000000775000000)
  to   space 17920K, 0% used [0x0000000773100000,0x0000000773100000,0x0000000774280000)
 ParOldGen       total 109056K, used 14476K [0x00000006c1e00000, 0x00000006c8880000, 0x000000076b500000)
  object space 109056K, 13% used [0x00000006c1e00000,0x00000006c2c23360,0x00000006c8880000)
 Metaspace       used 31695K, capacity 32968K, committed 33280K, reserved 1077248K
  class space    used 4251K, capacity 4519K, committed 4608K, reserved 1048576K
}
Event: 9.719 GC heap before
{Heap before GC invocations=8 (full 1):
 PSYoungGen      total 140800K, used 48797K [0x000000076b500000, 0x0000000775880000, 0x00000007c0000000)
  eden space 126976K, 27% used [0x000000076b500000,0x000000076d72af80,0x0000000773100000)
  from space 13824K, 99% used [0x0000000774280000,0x0000000774ffc568,0x0000000775000000)
  to   space 17920K, 0% used [0x0000000773100000,0x0000000773100000,0x0000000774280000)
 ParOldGen       total 109056K, used 14476K [0x00000006c1e00000, 0x00000006c8880000, 0x000000076b500000)
  object space 109056K, 13% used [0x00000006c1e00000,0x00000006c2c23360,0x00000006c8880000)
 Metaspace       used 33855K, capacity 35358K, committed 35416K, reserved 1079296K
  class space    used 4598K, capacity 4920K, committed 4952K, reserved 1048576K
Event: 9.734 GC heap after
Heap after GC invocations=8 (full 1):
 PSYoungGen      total 144896K, used 16534K [0x000000076b500000, 0x0000000778900000, 0x00000007c0000000)
  eden space 126976K, 0% used [0x000000076b500000,0x000000076b500000,0x0000000773100000)
  from space 17920K, 92% used [0x0000000773100000,0x0000000774125a08,0x0000000774280000)
  to   space 20480K, 0% used [0x0000000777500000,0x0000000777500000,0x0000000778900000)
 ParOldGen       total 109056K, used 14484K [0x00000006c1e00000, 0x00000006c8880000, 0x000000076b500000)
  object space 109056K, 13% used [0x00000006c1e00000,0x00000006c2c25360,0x00000006c8880000)
 Metaspace       used 33855K, capacity 35358K, committed 35416K, reserved 1079296K
  class space    used 4598K, capacity 4920K, committed 4952K, reserved 1048576K
}
Event: 9.734 GC heap before
{Heap before GC invocations=9 (full 2):
 PSYoungGen      total 144896K, used 16534K [0x000000076b500000, 0x0000000778900000, 0x00000007c0000000)
  eden space 126976K, 0% used [0x000000076b500000,0x000000076b500000,0x0000000773100000)
  from space 17920K, 92% used [0x0000000773100000,0x0000000774125a08,0x0000000774280000)
  to   space 20480K, 0% used [0x0000000777500000,0x0000000777500000,0x0000000778900000)
 ParOldGen       total 109056K, used 14484K [0x00000006c1e00000, 0x00000006c8880000, 0x000000076b500000)
  object space 109056K, 13% used [0x00000006c1e00000,0x00000006c2c25360,0x00000006c8880000)
 Metaspace       used 33855K, capacity 35358K, committed 35416K, reserved 1079296K
  class space    used 4598K, capacity 4920K, committed 4952K, reserved 1048576K
Event: 9.811 GC heap after
Heap after GC invocations=9 (full 2):
 PSYoungGen      total 144896K, used 0K [0x000000076b500000, 0x0000000778900000, 0x00000007c0000000)
  eden space 126976K, 0% used [0x000000076b500000,0x000000076b500000,0x0000000773100000)
  from space 17920K, 0% used [0x0000000773100000,0x0000000773100000,0x0000000774280000)
  to   space 20480K, 0% used [0x0000000777500000,0x0000000777500000,0x0000000778900000)
 ParOldGen       total 181248K, used 22736K [0x00000006c1e00000, 0x00000006ccf00000, 0x000000076b500000)
  object space 181248K, 12% used [0x00000006c1e00000,0x00000006c34341e8,0x00000006ccf00000)
 Metaspace       used 33855K, capacity 35358K, committed 35416K, reserved 1079296K
  class space    used 4598K, capacity 4920K, committed 4952K, reserved 1048576K
}
Event: 12.568 GC heap before
{Heap before GC invocations=10 (full 2):
 PSYoungGen      total 144896K, used 126976K [0x000000076b500000, 0x0000000778900000, 0x00000007c0000000)
  eden space 126976K, 100% used [0x000000076b500000,0x0000000773100000,0x0000000773100000)
  from space 17920K, 0% used [0x0000000773100000,0x0000000773100000,0x0000000774280000)
  to   space 20480K, 0% used [0x0000000777500000,0x0000000777500000,0x0000000778900000)
 ParOldGen       total 181248K, used 22736K [0x00000006c1e00000, 0x00000006ccf00000, 0x000000076b500000)
  object space 181248K, 12% used [0x00000006c1e00000,0x00000006c34341e8,0x00000006ccf00000)
 Metaspace       used 39694K, capacity 41546K, committed 41688K, reserved 1085440K
  class space    used 5447K, capacity 5834K, committed 5848K, reserved 1048576K
Event: 12.580 GC heap after
Heap after GC invocations=10 (full 2):
 PSYoungGen      total 193536K, used 10502K [0x000000076b500000, 0x0000000778680000, 0x00000007c0000000)
  eden space 175616K, 0% used [0x000000076b500000,0x000000076b500000,0x0000000776080000)
  from space 17920K, 58% used [0x0000000777500000,0x0000000777f41b80,0x0000000778680000)
  to   space 19456K, 0% used [0x0000000776080000,0x0000000776080000,0x0000000777380000)
 ParOldGen       total 181248K, used 22744K [0x00000006c1e00000, 0x00000006ccf00000, 0x000000076b500000)
  object space 181248K, 12% used [0x00000006c1e00000,0x00000006c34361e8,0x00000006ccf00000)
 Metaspace       used 39694K, capacity 41546K, committed 41688K, reserved 1085440K
  class space    used 5447K, capacity 5834K, committed 5848K, reserved 1048576K
}
Event: 164.693 GC heap before
{Heap before GC invocations=11 (full 2):
 PSYoungGen      total 193536K, used 186118K [0x000000076b500000, 0x0000000778680000, 0x00000007c0000000)
  eden space 175616K, 100% used [0x000000076b500000,0x0000000776080000,0x0000000776080000)
  from space 17920K, 58% used [0x0000000777500000,0x0000000777f41b80,0x0000000778680000)
  to   space 19456K, 0% used [0x0000000776080000,0x0000000776080000,0x0000000777380000)
 ParOldGen       total 181248K, used 22744K [0x00000006c1e00000, 0x00000006ccf00000, 0x000000076b500000)
  object space 181248K, 12% used [0x00000006c1e00000,0x00000006c34361e8,0x00000006ccf00000)
 Metaspace       used 44873K, capacity 47202K, committed 47448K, reserved 1089536K
  class space    used 6167K, capacity 6626K, committed 6744K, reserved 1048576K
Event: 164.713 GC heap after
Heap after GC invocations=11 (full 2):
 PSYoungGen      total 187392K, used 15965K [0x000000076b500000, 0x0000000778400000, 0x00000007c0000000)
  eden space 171008K, 0% used [0x000000076b500000,0x000000076b500000,0x0000000775c00000)
  from space 16384K, 97% used [0x0000000776080000,0x00000007770176d0,0x0000000777080000)
  to   space 19968K, 0% used [0x0000000777080000,0x0000000777080000,0x0000000778400000)
 ParOldGen       total 181248K, used 22752K [0x00000006c1e00000, 0x00000006ccf00000, 0x000000076b500000)
  object space 181248K, 12% used [0x00000006c1e00000,0x00000006c34381e8,0x00000006ccf00000)
 Metaspace       used 44873K, capacity 47202K, committed 47448K, reserved 1089536K
  class space    used 6167K, capacity 6626K, committed 6744K, reserved 1048576K
}

